
> vibe-generated-app@1.0.0 dev
> vite


  VITE v5.4.20  ready in 237 ms

  ➜  Local:   http://localhost:3000/
  ➜  Network: http://172.20.3.169:3000/
11:05:27 AM [vite] Pre-transform error: Failed to resolve import "gsap" from "src/components/Hero.jsx". Does the file exist?
11:05:27 AM [vite] Pre-transform error: Failed to resolve import "gsap" from "src/components/Preloader.jsx". Does the file exist?
11:05:28 AM [vite] Internal server error: Failed to resolve import "gsap" from "src/components/Hero.jsx". Does the file exist?
  Plugin: vite:import-analysis
  File: /home/workspace/src/components/Hero.jsx:3:21
  2  |  import { useEffect, useRef, useState } from "react";
  3  |  import Spline from "@splinetool/react-spline";
  4  |  import { gsap } from "gsap";
     |                        ^
  5  |  import { motion, AnimatePresence } from "framer-motion";
  6  |  export default function Hero() {
      at TransformPluginContext._formatError (file:///home/workspace/node_modules/vite/dist/node/chunks/dep-D_zLpgQd.js:49258:41)
      at TransformPluginContext.error (file:///home/workspace/node_modules/vite/dist/node/chunks/dep-D_zLpgQd.js:49253:16)
      at normalizeUrl (file:///home/workspace/node_modules/vite/dist/node/chunks/dep-D_zLpgQd.js:64306:23)
      at process.processTicksAndRejections (node:internal/process/task_queues:105:5)
      at async file:///home/workspace/node_modules/vite/dist/node/chunks/dep-D_zLpgQd.js:64438:39
      at async Promise.all (index 3)
      at async TransformPluginContext.transform (file:///home/workspace/node_modules/vite/dist/node/chunks/dep-D_zLpgQd.js:64365:7)
      at async PluginContainer.transform (file:///home/workspace/node_modules/vite/dist/node/chunks/dep-D_zLpgQd.js:49099:18)
      at async loadAndTransform (file:///home/workspace/node_modules/vite/dist/node/chunks/dep-D_zLpgQd.js:51977:27)
      at async viteTransformMiddleware (file:///home/workspace/node_modules/vite/dist/node/chunks/dep-D_zLpgQd.js:62105:24)
11:05:28 AM [vite] Internal server error: Failed to resolve import "gsap" from "src/components/Preloader.jsx". Does the file exist?
  Plugin: vite:import-analysis
  File: /home/workspace/src/components/Preloader.jsx:2:21
  1  |  import { jsxDEV } from "react/jsx-dev-runtime";
  2  |  import { useEffect, useRef } from "react";
  3  |  import { gsap } from "gsap";
     |                        ^
  4  |  export default function Preloader({ onComplete = () => {
  5  |  } }) {
      at TransformPluginContext._formatError (file:///home/workspace/node_modules/vite/dist/node/chunks/dep-D_zLpgQd.js:49258:41)
      at TransformPluginContext.error (file:///home/workspace/node_modules/vite/dist/node/chunks/dep-D_zLpgQd.js:49253:16)
      at normalizeUrl (file:///home/workspace/node_modules/vite/dist/node/chunks/dep-D_zLpgQd.js:64306:23)
      at process.processTicksAndRejections (node:internal/process/task_queues:105:5)
      at async file:///home/workspace/node_modules/vite/dist/node/chunks/dep-D_zLpgQd.js:64438:39
      at async Promise.all (index 2)
      at async TransformPluginContext.transform (file:///home/workspace/node_modules/vite/dist/node/chunks/dep-D_zLpgQd.js:64365:7)
      at async PluginContainer.transform (file:///home/workspace/node_modules/vite/dist/node/chunks/dep-D_zLpgQd.js:49099:18)
      at async loadAndTransform (file:///home/workspace/node_modules/vite/dist/node/chunks/dep-D_zLpgQd.js:51977:27)
      at async viteTransformMiddleware (file:///home/workspace/node_modules/vite/dist/node/chunks/dep-D_zLpgQd.js:62105:24)
